This is pdfTeX, Version 3.14159265-2.6-1.40.16 (TeX Live 2015) (preloaded format=pdflatex 2015.6.29)  16 APR 2018 12:24
entering extended mode
 restricted \write18 enabled.
 %&-line parsing enabled.
**guide
(./guide.tex
LaTeX2e <2015/01/01>
Babel <3.9l> and hyphenation patterns for 79 languages loaded.

(/usr/local/server/x86_64-RedHat6/texlive/2015/texmf-dist/tex/latex/base/articl
e.cls
Document Class: article 2014/09/29 v1.4h Standard LaTeX document class

(/usr/local/server/x86_64-RedHat6/texlive/2015/texmf-dist/tex/latex/base/size10
.clo
File: size10.clo 2014/09/29 v1.4h Standard LaTeX file (size option)
)
\c@part=\count79
\c@section=\count80
\c@subsection=\count81
\c@subsubsection=\count82
\c@paragraph=\count83
\c@subparagraph=\count84
\c@figure=\count85
\c@table=\count86
\abovecaptionskip=\skip41
\belowcaptionskip=\skip42
\bibindent=\dimen102
)
(/usr/local/server/x86_64-RedHat6/texlive/2015/texmf-dist/tex/latex/graphics/gr
aphicx.sty
Package: graphicx 2014/10/28 v1.0g Enhanced LaTeX Graphics (DPC,SPQR)

(/usr/local/server/x86_64-RedHat6/texlive/2015/texmf-dist/tex/latex/graphics/ke
yval.sty
Package: keyval 2014/10/28 v1.15 key=value parser (DPC)
\KV@toks@=\toks14
)
(/usr/local/server/x86_64-RedHat6/texlive/2015/texmf-dist/tex/latex/graphics/gr
aphics.sty
Package: graphics 2014/10/28 v1.0p Standard LaTeX Graphics (DPC,SPQR)

(/usr/local/server/x86_64-RedHat6/texlive/2015/texmf-dist/tex/latex/graphics/tr
ig.sty
Package: trig 1999/03/16 v1.09 sin cos tan (DPC)
)
(/usr/local/server/x86_64-RedHat6/texlive/2015/texmf-dist/tex/latex/latexconfig
/graphics.cfg
File: graphics.cfg 2010/04/23 v1.9 graphics configuration of TeX Live
)
Package graphics Info: Driver file: pdftex.def on input line 94.

(/usr/local/server/x86_64-RedHat6/texlive/2015/texmf-dist/tex/latex/pdftex-def/
pdftex.def
File: pdftex.def 2011/05/27 v0.06d Graphics/color for pdfTeX

(/usr/local/server/x86_64-RedHat6/texlive/2015/texmf-dist/tex/generic/oberdiek/
infwarerr.sty
Package: infwarerr 2010/04/08 v1.3 Providing info/warning/error messages (HO)
)
(/usr/local/server/x86_64-RedHat6/texlive/2015/texmf-dist/tex/generic/oberdiek/
ltxcmds.sty
Package: ltxcmds 2011/11/09 v1.22 LaTeX kernel commands for general use (HO)
)
\Gread@gobject=\count87
))
\Gin@req@height=\dimen103
\Gin@req@width=\dimen104
)
(/usr/local/server/x86_64-RedHat6/texlive/2015/texmf-dist/tex/latex/amsmath/ams
math.sty
Package: amsmath 2013/01/14 v2.14 AMS math features
\@mathmargin=\skip43

For additional information on amsmath, use the `?' option.

(/usr/local/server/x86_64-RedHat6/texlive/2015/texmf-dist/tex/latex/amsmath/ams
text.sty
Package: amstext 2000/06/29 v2.01

(/usr/local/server/x86_64-RedHat6/texlive/2015/texmf-dist/tex/latex/amsmath/ams
gen.sty
File: amsgen.sty 1999/11/30 v2.0
\@emptytoks=\toks15
\ex@=\dimen105
))
(/usr/local/server/x86_64-RedHat6/texlive/2015/texmf-dist/tex/latex/amsmath/ams
bsy.sty
Package: amsbsy 1999/11/29 v1.2d
\pmbraise@=\dimen106
)
(/usr/local/server/x86_64-RedHat6/texlive/2015/texmf-dist/tex/latex/amsmath/ams
opn.sty
Package: amsopn 1999/12/14 v2.01 operator names
)
\inf@bad=\count88
LaTeX Info: Redefining \frac on input line 210.
\uproot@=\count89
\leftroot@=\count90
LaTeX Info: Redefining \overline on input line 306.
\classnum@=\count91
\DOTSCASE@=\count92
LaTeX Info: Redefining \ldots on input line 378.
LaTeX Info: Redefining \dots on input line 381.
LaTeX Info: Redefining \cdots on input line 466.
\Mathstrutbox@=\box26
\strutbox@=\box27
\big@size=\dimen107
LaTeX Font Info:    Redeclaring font encoding OML on input line 566.
LaTeX Font Info:    Redeclaring font encoding OMS on input line 567.
\macc@depth=\count93
\c@MaxMatrixCols=\count94
\dotsspace@=\muskip10
\c@parentequation=\count95
\dspbrk@lvl=\count96
\tag@help=\toks16
\row@=\count97
\column@=\count98
\maxfields@=\count99
\andhelp@=\toks17
\eqnshift@=\dimen108
\alignsep@=\dimen109
\tagshift@=\dimen110
\tagwidth@=\dimen111
\totwidth@=\dimen112
\lineht@=\dimen113
\@envbody=\toks18
\multlinegap=\skip44
\multlinetaggap=\skip45
\mathdisplay@stack=\toks19
LaTeX Info: Redefining \[ on input line 2665.
LaTeX Info: Redefining \] on input line 2666.
)
(/usr/local/server/x86_64-RedHat6/texlive/2015/texmf-dist/tex/latex/amsfonts/am
ssymb.sty
Package: amssymb 2013/01/14 v3.01 AMS font symbols

(/usr/local/server/x86_64-RedHat6/texlive/2015/texmf-dist/tex/latex/amsfonts/am
sfonts.sty
Package: amsfonts 2013/01/14 v3.01 Basic AMSFonts support
\symAMSa=\mathgroup4
\symAMSb=\mathgroup5
LaTeX Font Info:    Overwriting math alphabet `\mathfrak' in version `bold'
(Font)                  U/euf/m/n --> U/euf/b/n on input line 106.
))
(/usr/local/server/x86_64-RedHat6/texlive/2015/texmf-dist/tex/latex/tools/theor
em.sty
Package: theorem 2014/10/28 v2.2c Theorem extension package (FMi)
\theorem@style=\toks20
\theorem@bodyfont=\toks21
\theorempreskipamount=\skip46
\theorempostskipamount=\skip47

(/usr/local/server/x86_64-RedHat6/texlive/2015/texmf-dist/tex/latex/tools/thp.s
ty
File: thp.sty 2014/10/28 v2.2c Theorem extension package (FMi)
))
(/usr/local/server/x86_64-RedHat6/texlive/2015/texmf-dist/tex/latex/amsfonts/eu
script.sty
Package: euscript 2009/06/22 v3.00 Euler Script fonts
LaTeX Font Info:    Overwriting math alphabet `\EuScript' in version `bold'
(Font)                  U/eus/m/n --> U/eus/b/n on input line 33.
) (./guide.aux)
\openout1 = `guide.aux'.

LaTeX Font Info:    Checking defaults for OML/cmm/m/it on input line 26.
LaTeX Font Info:    ... okay on input line 26.
LaTeX Font Info:    Checking defaults for T1/cmr/m/n on input line 26.
LaTeX Font Info:    ... okay on input line 26.
LaTeX Font Info:    Checking defaults for OT1/cmr/m/n on input line 26.
LaTeX Font Info:    ... okay on input line 26.
LaTeX Font Info:    Checking defaults for OMS/cmsy/m/n on input line 26.
LaTeX Font Info:    ... okay on input line 26.
LaTeX Font Info:    Checking defaults for OMX/cmex/m/n on input line 26.
LaTeX Font Info:    ... okay on input line 26.
LaTeX Font Info:    Checking defaults for U/cmr/m/n on input line 26.
LaTeX Font Info:    ... okay on input line 26.

(/usr/local/server/x86_64-RedHat6/texlive/2015/texmf-dist/tex/context/base/supp
-pdf.mkii
[Loading MPS to PDF converter (version 2006.09.02).]
\scratchcounter=\count100
\scratchdimen=\dimen114
\scratchbox=\box28
\nofMPsegments=\count101
\nofMParguments=\count102
\everyMPshowfont=\toks22
\MPscratchCnt=\count103
\MPscratchDim=\dimen115
\MPnumerator=\count104
\makeMPintoPDFobject=\count105
\everyMPtoPDFconversion=\toks23
)
(/usr/local/server/x86_64-RedHat6/texlive/2015/texmf-dist/tex/generic/oberdiek/
pdftexcmds.sty
Package: pdftexcmds 2011/11/29 v0.20 Utility functions of pdfTeX for LuaTeX (HO
)

(/usr/local/server/x86_64-RedHat6/texlive/2015/texmf-dist/tex/generic/oberdiek/
ifluatex.sty
Package: ifluatex 2010/03/01 v1.3 Provides the ifluatex switch (HO)
Package ifluatex Info: LuaTeX not detected.
)
(/usr/local/server/x86_64-RedHat6/texlive/2015/texmf-dist/tex/generic/oberdiek/
ifpdf.sty
Package: ifpdf 2011/01/30 v2.3 Provides the ifpdf switch (HO)
Package ifpdf Info: pdfTeX in PDF mode is detected.
)
Package pdftexcmds Info: LuaTeX not detected.
Package pdftexcmds Info: \pdf@primitive is available.
Package pdftexcmds Info: \pdf@ifprimitive is available.
Package pdftexcmds Info: \pdfdraftmode found.
)
(/usr/local/server/x86_64-RedHat6/texlive/2015/texmf-dist/tex/latex/oberdiek/ep
stopdf-base.sty
Package: epstopdf-base 2010/02/09 v2.5 Base part for package epstopdf

(/usr/local/server/x86_64-RedHat6/texlive/2015/texmf-dist/tex/latex/oberdiek/gr
fext.sty
Package: grfext 2010/08/19 v1.1 Manage graphics extensions (HO)

(/usr/local/server/x86_64-RedHat6/texlive/2015/texmf-dist/tex/generic/oberdiek/
kvdefinekeys.sty
Package: kvdefinekeys 2011/04/07 v1.3 Define keys (HO)
))
(/usr/local/server/x86_64-RedHat6/texlive/2015/texmf-dist/tex/latex/oberdiek/kv
options.sty
Package: kvoptions 2011/06/30 v3.11 Key value format for package options (HO)

(/usr/local/server/x86_64-RedHat6/texlive/2015/texmf-dist/tex/generic/oberdiek/
kvsetkeys.sty
Package: kvsetkeys 2012/04/25 v1.16 Key value parser (HO)

(/usr/local/server/x86_64-RedHat6/texlive/2015/texmf-dist/tex/generic/oberdiek/
etexcmds.sty
Package: etexcmds 2011/02/16 v1.5 Avoid name clashes with e-TeX commands (HO)
Package etexcmds Info: Could not find \expanded.
(etexcmds)             That can mean that you are not using pdfTeX 1.50 or
(etexcmds)             that some package has redefined \expanded.
(etexcmds)             In the latter case, load this package earlier.
)))
Package grfext Info: Graphics extension search list:
(grfext)             [.png,.pdf,.jpg,.mps,.jpeg,.jbig2,.jb2,.PNG,.PDF,.JPG,.JPE
G,.JBIG2,.JB2,.eps]
(grfext)             \AppendGraphicsExtensions on input line 452.

(/usr/local/server/x86_64-RedHat6/texlive/2015/texmf-dist/tex/latex/latexconfig
/epstopdf-sys.cfg
File: epstopdf-sys.cfg 2010/07/13 v1.3 Configuration of (r)epstopdf for TeX Liv
e
))
LaTeX Font Info:    Try loading font information for U+msa on input line 33.

(/usr/local/server/x86_64-RedHat6/texlive/2015/texmf-dist/tex/latex/amsfonts/um
sa.fd
File: umsa.fd 2013/01/14 v3.01 AMS symbols A
)
LaTeX Font Info:    Try loading font information for U+msb on input line 33.

(/usr/local/server/x86_64-RedHat6/texlive/2015/texmf-dist/tex/latex/amsfonts/um
sb.fd
File: umsb.fd 2013/01/14 v3.01 AMS symbols B
) [1

{/usr/local/server/x86_64-RedHat6/texlive/2015/texmf-var/fonts/map/pdftex/updma
p/pdftex.map}] [2]
LaTeX Font Info:    Try loading font information for OMS+cmr on input line 228.


(/usr/local/server/x86_64-RedHat6/texlive/2015/texmf-dist/tex/latex/base/omscmr
.fd
File: omscmr.fd 2014/09/29 v2.5h Standard LaTeX font definitions
)
LaTeX Font Info:    Font shape `OMS/cmr/m/n' in size <10> not available
(Font)              Font shape `OMS/cmsy/m/n' tried instead on input line 228.
 [3] [4]

LaTeX Warning: Reference `tab:nodalextract' on page 5 undefined on input line 3
61.

[5] [6] [7]
Overfull \hbox (10.08029pt too wide) in paragraph at lines 579--579
 []\OT1/cmtt/m/n/10 componentMotion: < prop = rotation(axis=[1,0,0],center=[0,0
,0],speed=400rpm),[] 
 []

[8]
Overfull \hbox (16.33043pt too wide) in paragraph at lines 669--669
 []  \OT1/cmtt/m/n/10 // this geometry is a cube with edge lengths 2.8m centere
d on the origin[] 
 []


Overfull \hbox (11.08047pt too wide) in paragraph at lines 669--669
 []  \OT1/cmtt/m/n/10 // p is a point on the plane and n is an outward pointing
 normal vector[] 
 []

[9]
Overfull \hbox (13.94147pt too wide) in paragraph at lines 689--698
\OT1/cmtt/m/n/10 fixedMass\OT1/cmr/m/n/10 , \OT1/cmtt/m/n/10 fixedMassOutflow\O
T1/cmr/m/n/10 , \OT1/cmtt/m/n/10 farfield\OT1/cmr/m/n/10 , \OT1/cmtt/m/n/10 out
flow\OT1/cmr/m/n/10 , \OT1/cmtt/m/n/10 supersonicOutflow\OT1/cmr/m/n/10 , \OT1/
cmtt/m/n/10 extrapolate\OT1/cmr/m/n/10 , \OT1/cmtt/m/n/10 symmetry\OT1/cmr/m/n/
10 ,
 []


Underfull \hbox (badness 10000) in paragraph at lines 689--698

 []


Overfull \hbox (37.62836pt too wide) in paragraph at lines 723--730
\OT1/cmr/m/n/10 ues that pre-serve the to-tal prop-er-ties are com-puted. A typ
-i-cal in-put is \OT1/cmtt/m/n/10 isentropicInflow(p0=1atm,
 []

[10] [11] [12] <Figures/polar.pdf, id=53, 177.66376pt x 218.8175pt>
File: Figures/polar.pdf Graphic file (type pdf)

<use Figures/polar.pdf>
Package pdftex.def Info: Figures/polar.pdf used on input line 949.
(pdftex.def)             Requested size: 142.26378pt x 175.22118pt.
 [13] [14 <./Figures/polar.pdf>]
Overfull \hbox (4.94449pt too wide) in paragraph at lines 1054--1055
[]\OT1/cmr/m/n/10 The in-te-grated fluxes for a spe-cific bound-ary are placed 
in a file named []\OT1/cmtt/m/n/10 /output/flux_BC4.dat\OT1/cmr/m/n/10 ,
 []

[15] [16] [17] [18] [19] [20] [21] (./gridMotion.tex [22] [23]

LaTeX Warning: Citation `Barnes.1986' on page 24 undefined on input line 101.


LaTeX Warning: Citation `Greengard.1987' on page 24 undefined on input line 102
.

[24] <Figures/points.pdf, id=119, 970.62625pt x 602.25pt>
File: Figures/points.pdf Graphic file (type pdf)

<use Figures/points.pdf>
Package pdftex.def Info: Figures/points.pdf used on input line 176.
(pdftex.def)             Requested size: 314.37465pt x 195.06728pt.
 <Figures/fmdmflow.pdf, id=120, 505.89pt x 313.17pt>
File: Figures/fmdmflow.pdf Graphic file (type pdf)

<use Figures/fmdmflow.pdf>
Package pdftex.def Info: Figures/fmdmflow.pdf used on input line 214.
(pdftex.def)             Requested size: 314.37465pt x 194.61734pt.
 [25 <./Figures/points.pdf>] [26 <./Figures/fmdmflow.pdf>] [27] [28]) [29] (./g
overn.tex) (./axi_source_terms.tex [30

] [31])
(./turbulence.tex) (./spalartallmaras.tex [32] [33]) (./baseline.tex [34]
[35]) (./sst.tex) (./wilcox98.tex
Underfull \hbox (badness 10000) in paragraph at lines 4--11

 []


Underfull \hbox (badness 10000) in paragraph at lines 18--19

 []


Underfull \hbox (badness 10000) in paragraph at lines 28--29

 []


Underfull \hbox (badness 10000) in paragraph at lines 39--40

 []

[36]
Underfull \hbox (badness 10000) in paragraph at lines 51--52

 []


Underfull \hbox (badness 10000) in paragraph at lines 58--59

 []


Underfull \hbox (badness 10000) in paragraph at lines 70--71

 []

) (./multi_scale.tex [37]
Underfull \hbox (badness 10000) in paragraph at lines 62--64

 []

[38]) (./compressibility_corrections.tex) (./dhrl.tex

LaTeX Warning: Citation `Bhushan.2012' on page 39 undefined on input line 45.


LaTeX Warning: Citation `Walters.2013' on page 39 undefined on input line 46.

[39] [40] [41]) (./generalized_grid.tex) (./space_integration.tex [42] [43])
(./grid_terms.tex [44]) (./inviscidFlux.tex [45] [46]
<Figures/flux_correct.pdf, id=205, 198.7425pt x 109.40875pt>
File: Figures/flux_correct.pdf Graphic file (type pdf)

<use Figures/flux_correct.pdf>
Package pdftex.def Info: Figures/flux_correct.pdf used on input line 202.
(pdftex.def)             Requested size: 209.5831pt x 115.38005pt.


LaTeX Warning: `h' float specifier changed to `ht'.

[47] [48 <./Figures/flux_correct.pdf>]
<Figures/geom_test.pdf, id=221, 78.2925pt x 55.20625pt>
File: Figures/geom_test.pdf Graphic file (type pdf)

<use Figures/geom_test.pdf>
Package pdftex.def Info: Figures/geom_test.pdf used on input line 342.
(pdftex.def)             Requested size: 209.5831pt x 147.80368pt.


LaTeX Warning: `h' float specifier changed to `ht'.

[49]) (./time_integration.tex [50 <./Figures/geom_test.pdf>]
Overfull \hbox (1.80544pt too wide) in paragraph at lines 52--62
\OT1/cmr/m/n/10 for $\OML/cmm/m/it/10 k \OMS/cmsy/m/n/10 ^^U \OT1/cmr/m/n/10 0$
, where the New-ton it-er-a-tion is ini-tial-ized us-ing the pre-vi-ous time st
ep value ($\OML/cmm/m/it/10 q[] \OT1/cmr/m/n/10 =
 []

) (./guide.bbl [51] [52]) [53] (./guide.aux)

LaTeX Warning: There were undefined references.

 ) 
Here is how much of TeX's memory you used:
 2634 strings out of 493089
 37083 string characters out of 6124986
 101319 words of memory out of 5000000
 6011 multiletter control sequences out of 15000+600000
 16506 words of font info for 61 fonts, out of 8000000 for 9000
 1141 hyphenation exceptions out of 8191
 38i,19n,26p,594b,390s stack positions out of 5000i,500n,10000p,200000b,80000s
</usr/local/server/x86_64-RedHat6/texlive/2015/texmf-dist/fonts/type1/public/
amsfonts/cm/cmbx10.pfb></usr/local/server/x86_64-RedHat6/texlive/2015/texmf-dis
t/fonts/type1/public/amsfonts/cm/cmbx12.pfb></usr/local/server/x86_64-RedHat6/t
exlive/2015/texmf-dist/fonts/type1/public/amsfonts/cm/cmbx7.pfb></usr/local/ser
ver/x86_64-RedHat6/texlive/2015/texmf-dist/fonts/type1/public/amsfonts/cm/cmbxt
i10.pfb></usr/local/server/x86_64-RedHat6/texlive/2015/texmf-dist/fonts/type1/p
ublic/amsfonts/cm/cmex10.pfb></usr/local/server/x86_64-RedHat6/texlive/2015/tex
mf-dist/fonts/type1/public/amsfonts/cm/cmmi10.pfb></usr/local/server/x86_64-Red
Hat6/texlive/2015/texmf-dist/fonts/type1/public/amsfonts/cm/cmmi12.pfb></usr/lo
cal/server/x86_64-RedHat6/texlive/2015/texmf-dist/fonts/type1/public/amsfonts/c
m/cmmi5.pfb></usr/local/server/x86_64-RedHat6/texlive/2015/texmf-dist/fonts/typ
e1/public/amsfonts/cm/cmmi7.pfb></usr/local/server/x86_64-RedHat6/texlive/2015/
texmf-dist/fonts/type1/public/amsfonts/cm/cmr10.pfb></usr/local/server/x86_64-R
edHat6/texlive/2015/texmf-dist/fonts/type1/public/amsfonts/cm/cmr12.pfb></usr/l
ocal/server/x86_64-RedHat6/texlive/2015/texmf-dist/fonts/type1/public/amsfonts/
cm/cmr17.pfb></usr/local/server/x86_64-RedHat6/texlive/2015/texmf-dist/fonts/ty
pe1/public/amsfonts/cm/cmr5.pfb></usr/local/server/x86_64-RedHat6/texlive/2015/
texmf-dist/fonts/type1/public/amsfonts/cm/cmr6.pfb></usr/local/server/x86_64-Re
dHat6/texlive/2015/texmf-dist/fonts/type1/public/amsfonts/cm/cmr7.pfb></usr/loc
al/server/x86_64-RedHat6/texlive/2015/texmf-dist/fonts/type1/public/amsfonts/cm
/cmr8.pfb></usr/local/server/x86_64-RedHat6/texlive/2015/texmf-dist/fonts/type1
/public/amsfonts/cm/cmsl10.pfb></usr/local/server/x86_64-RedHat6/texlive/2015/t
exmf-dist/fonts/type1/public/amsfonts/cm/cmsy10.pfb></usr/local/server/x86_64-R
edHat6/texlive/2015/texmf-dist/fonts/type1/public/amsfonts/cm/cmsy5.pfb></usr/l
ocal/server/x86_64-RedHat6/texlive/2015/texmf-dist/fonts/type1/public/amsfonts/
cm/cmsy7.pfb></usr/local/server/x86_64-RedHat6/texlive/2015/texmf-dist/fonts/ty
pe1/public/amsfonts/cm/cmti10.pfb></usr/local/server/x86_64-RedHat6/texlive/201
5/texmf-dist/fonts/type1/public/amsfonts/cm/cmti12.pfb></usr/local/server/x86_6
4-RedHat6/texlive/2015/texmf-dist/fonts/type1/public/amsfonts/cm/cmtt10.pfb></u
sr/local/server/x86_64-RedHat6/texlive/2015/texmf-dist/fonts/type1/public/amsfo
nts/cm/cmtt8.pfb>
Output written on guide.pdf (53 pages, 613448 bytes).
PDF statistics:
 333 PDF objects out of 1000 (max. 8388607)
 236 compressed objects within 3 object streams
 0 named destinations out of 1000 (max. 500000)
 26 words of extra memory for PDF output out of 10000 (max. 10000000)

